# JRE version: OpenJDK Runtime Environment (8.0_202-b03) (build 1.8.0_202-release-1483-b03)
# Java VM: OpenJDK 64-Bit Server VM (25.202-b03 mixed mode windows-amd64 compressed oops)
Heap:
 PSYoungGen      total 168960K, used 31563K [0x00000000e0000000, 0x00000000ecc00000, 0x0000000100000000)
  eden space 144384K, 5% used [0x00000000e0000000,0x00000000e0716500,0x00000000e8d00000)
  from space 24576K, 98% used [0x00000000e9200000,0x00000000ea9bc948,0x00000000eaa00000)
  to   space 32256K, 0% used [0x00000000eac80000,0x00000000eac80000,0x00000000ecc00000)
 ParOldGen       total 277504K, used 39639K [0x00000000a0000000, 0x00000000b0f00000, 0x00000000e0000000)
  object space 277504K, 14% used [0x00000000a0000000,0x00000000a26b5eb0,0x00000000b0f00000)
 Metaspace       used 76824K, capacity 80036K, committed 80344K, reserved 1118208K
  class space    used 9959K, capacity 10625K, committed 10752K, reserved 1048576K
GC Heap History (10 events):
Event: 100.872 GC heap before
{Heap before GC invocations=14 (full 3):
 PSYoungGen      total 151552K, used 151288K [0x00000000e0000000, 0x00000000eb180000, 0x0000000100000000)
  eden space 138752K, 100% used [0x00000000e0000000,0x00000000e8780000,0x00000000e8780000)
  from space 12800K, 97% used [0x00000000ea500000,0x00000000eb13e1c0,0x00000000eb180000)
  to   space 18432K, 0% used [0x00000000e8d80000,0x00000000e8d80000,0x00000000e9f80000)
 ParOldGen       total 277504K, used 30159K [0x00000000a0000000, 0x00000000b0f00000, 0x00000000e0000000)
  object space 277504K, 10% used [0x00000000a0000000,0x00000000a1d73f18,0x00000000b0f00000)
 Metaspace       used 69539K, capacity 72124K, committed 72280K, reserved 1112064K
  class space    used 9198K, capacity 9743K, committed 9856K, reserved 1048576K
Event: 100.897 GC heap after
Heap after GC invocations=14 (full 3):
 PSYoungGen      total 163328K, used 17200K [0x00000000e0000000, 0x00000000ebe00000, 0x0000000100000000)
  eden space 144896K, 0% used [0x00000000e0000000,0x00000000e0000000,0x00000000e8d80000)
  from space 18432K, 93% used [0x00000000e8d80000,0x00000000e9e4c1b8,0x00000000e9f80000)
  to   space 19968K, 0% used [0x00000000eaa80000,0x00000000eaa80000,0x00000000ebe00000)
 ParOldGen       total 277504K, used 30167K [0x00000000a0000000, 0x00000000b0f00000, 0x00000000e0000000)
  object space 277504K, 10% used [0x00000000a0000000,0x00000000a1d75f18,0x00000000b0f00000)
 Metaspace       used 69539K, capacity 72124K, committed 72280K, reserved 1112064K
  class space    used 9198K, capacity 9743K, committed 9856K, reserved 1048576K
}
Event: 785.437 GC heap before
{Heap before GC invocations=15 (full 3):
 PSYoungGen      total 163328K, used 162096K [0x00000000e0000000, 0x00000000ebe00000, 0x0000000100000000)
  eden space 144896K, 100% used [0x00000000e0000000,0x00000000e8d80000,0x00000000e8d80000)
  from space 18432K, 93% used [0x00000000e8d80000,0x00000000e9e4c1b8,0x00000000e9f80000)
  to   space 19968K, 0% used [0x00000000eaa80000,0x00000000eaa80000,0x00000000ebe00000)
 ParOldGen       total 277504K, used 30167K [0x00000000a0000000, 0x00000000b0f00000, 0x00000000e0000000)
  object space 277504K, 10% used [0x00000000a0000000,0x00000000a1d75f18,0x00000000b0f00000)
 Metaspace       used 73188K, capacity 76186K, committed 76248K, reserved 1116160K
  class space    used 9575K, capacity 10214K, committed 10240K, reserved 1048576K
Event: 785.466 GC heap after
Heap after GC invocations=15 (full 3):
 PSYoungGen      total 161280K, used 18756K [0x00000000e0000000, 0x00000000ebd00000, 0x0000000100000000)
  eden space 142336K, 0% used [0x00000000e0000000,0x00000000e0000000,0x00000000e8b00000)
  from space 18944K, 99% used [0x00000000eaa80000,0x00000000ebcd10e8,0x00000000ebd00000)
  to   space 22016K, 0% used [0x00000000e9200000,0x00000000e9200000,0x00000000ea780000)
 ParOldGen       total 277504K, used 30175K [0x00000000a0000000, 0x00000000b0f00000, 0x00000000e0000000)
  object space 277504K, 10% used [0x00000000a0000000,0x00000000a1d77f18,0x00000000b0f00000)
 Metaspace       used 73188K, capacity 76186K, committed 76248K, reserved 1116160K
  class space    used 9575K, capacity 10214K, committed 10240K, reserved 1048576K
}
Event: 788.180 GC heap before
{Heap before GC invocations=16 (full 3):
 PSYoungGen      total 161280K, used 161092K [0x00000000e0000000, 0x00000000ebd00000, 0x0000000100000000)
  eden space 142336K, 100% used [0x00000000e0000000,0x00000000e8b00000,0x00000000e8b00000)
  from space 18944K, 99% used [0x00000000eaa80000,0x00000000ebcd10e8,0x00000000ebd00000)
  to   space 22016K, 0% used [0x00000000e9200000,0x00000000e9200000,0x00000000ea780000)
 ParOldGen       total 277504K, used 30175K [0x00000000a0000000, 0x00000000b0f00000, 0x00000000e0000000)
  object space 277504K, 10% used [0x00000000a0000000,0x00000000a1d77f18,0x00000000b0f00000)
 Metaspace       used 74428K, capacity 77504K, committed 77656K, reserved 1116160K
  class space    used 9676K, capacity 10299K, committed 10368K, reserved 1048576K
Event: 788.212 GC heap after
Heap after GC invocations=16 (full 3):
 PSYoungGen      total 171520K, used 21994K [0x00000000e0000000, 0x00000000ed080000, 0x0000000100000000)
  eden space 149504K, 0% used [0x00000000e0000000,0x00000000e0000000,0x00000000e9200000)
  from space 22016K, 99% used [0x00000000e9200000,0x00000000ea77a8d8,0x00000000ea780000)
  to   space 28160K, 0% used [0x00000000eb500000,0x00000000eb500000,0x00000000ed080000)
 ParOldGen       total 277504K, used 39623K [0x00000000a0000000, 0x00000000b0f00000, 0x00000000e0000000)
  object space 277504K, 14% used [0x00000000a0000000,0x00000000a26b1eb0,0x00000000b0f00000)
 Metaspace       used 74428K, capacity 77504K, committed 77656K, reserved 1116160K
  class space    used 9676K, capacity 10299K, committed 10368K, reserved 1048576K
}
Event: 794.157 GC heap before
{Heap before GC invocations=17 (full 3):
 PSYoungGen      total 171520K, used 171498K [0x00000000e0000000, 0x00000000ed080000, 0x0000000100000000)
  eden space 149504K, 100% used [0x00000000e0000000,0x00000000e9200000,0x00000000e9200000)
  from space 22016K, 99% used [0x00000000e9200000,0x00000000ea77a8d8,0x00000000ea780000)
  to   space 28160K, 0% used [0x00000000eb500000,0x00000000eb500000,0x00000000ed080000)
 ParOldGen       total 277504K, used 39623K [0x00000000a0000000, 0x00000000b0f00000, 0x00000000e0000000)
  object space 277504K, 14% used [0x00000000a0000000,0x00000000a26b1eb0,0x00000000b0f00000)
 Metaspace       used 75631K, capacity 78736K, committed 78808K, reserved 1118208K
  class space    used 9785K, capacity 10425K, committed 10496K, reserved 1048576K
Event: 794.197 GC heap after
Heap after GC invocations=17 (full 3):
 PSYoungGen      total 172544K, used 25218K [0x00000000e0000000, 0x00000000ece00000, 0x0000000100000000)
  eden space 146944K, 0% used [0x00000000e0000000,0x00000000e0000000,0x00000000e8f80000)
  from space 25600K, 98% used [0x00000000eb500000,0x00000000ecda0978,0x00000000ece00000)
  to   space 30720K, 0% used [0x00000000e9200000,0x00000000e9200000,0x00000000eb000000)
 ParOldGen       total 277504K, used 39631K [0x00000000a0000000, 0x00000000b0f00000, 0x00000000e0000000)
  object space 277504K, 14% used [0x00000000a0000000,0x00000000a26b3eb0,0x00000000b0f00000)
 Metaspace       used 75631K, capacity 78736K, committed 78808K, reserved 1118208K
  class space    used 9785K, capacity 10425K, committed 10496K, reserved 1048576K
}
Event: 797.308 GC heap before
{Heap before GC invocations=18 (full 3):
 PSYoungGen      total 172544K, used 172162K [0x00000000e0000000, 0x00000000ece00000, 0x0000000100000000)
  eden space 146944K, 100% used [0x00000000e0000000,0x00000000e8f80000,0x00000000e8f80000)
  from space 25600K, 98% used [0x00000000eb500000,0x00000000ecda0978,0x00000000ece00000)
  to   space 30720K, 0% used [0x00000000e9200000,0x00000000e9200000,0x00000000eb000000)
 ParOldGen       total 277504K, used 39631K [0x00000000a0000000, 0x00000000b0f00000, 0x00000000e0000000)
  object space 277504K, 14% used [0x00000000a0000000,0x00000000a26b3eb0,0x00000000b0f00000)
 Metaspace       used 75765K, capacity 78992K, committed 79064K, reserved 1118208K
  class space    used 9806K, capacity 10425K, committed 10496K, reserved 1048576K
Event: 797.326 GC heap after
Heap after GC invocations=18 (full 3):
 PSYoungGen      total 168960K, used 24306K [0x00000000e0000000, 0x00000000ecc00000, 0x0000000100000000)
  eden space 144384K, 0% used [0x00000000e0000000,0x00000000e0000000,0x00000000e8d00000)
  from space 24576K, 98% used [0x00000000e9200000,0x00000000ea9bc948,0x00000000eaa00000)
  to   space 32256K, 0% used [0x00000000eac80000,0x00000000eac80000,0x00000000ecc00000)
 ParOldGen       total 277504K, used 39639K [0x00000000a0000000, 0x00000000b0f00000, 0x00000000e0000000)
  object space 277504K, 14% used [0x00000000a0000000,0x00000000a26b5eb0,0x00000000b0f00000)
 Metaspace       used 75765K, capacity 78992K, committed 79064K, reserved 1118208K
  class space    used 9806K, capacity 10425K, committed 10496K, reserved 1048576K
}

